<?xml version="1.0" encoding="UTF-8"?>
<testng-results ignored="0" total="1" passed="1" failed="0" skipped="0">
  <reporter-output>
  </reporter-output>
  <suite started-at="2026-07-20T12:38:07 IST" name="Suite" finished-at="2026-07-20T12:38:21 IST" duration-ms="14222">
    <groups>
    </groups>
    <test started-at="2026-07-20T12:38:07 IST" name="Test" finished-at="2026-07-20T12:38:21 IST" duration-ms="14222">
      <class name="tests.RegisterTest">
        <test-method is-config="true" signature="launchBrowser()[pri:0, instance:tests.RegisterTest@38c6f217]" started-at="2026-07-20T12:38:07 IST" name="launchBrowser" finished-at="2026-07-20T12:38:20 IST" duration-ms="12638" status="PASS">
          <reporter-output>
          </reporter-output>
        </test-method> <!-- launchBrowser -->
        <test-method signature="testRegisterAccount()[pri:0, instance:tests.RegisterTest@38c6f217]" started-at="2026-07-20T12:38:20 IST" name="testRegisterAccount" finished-at="2026-07-20T12:38:21 IST" duration-ms="1282" status="PASS">
          <reporter-output>
          </reporter-output>
        </test-method> <!-- testRegisterAccount -->
        <test-method is-config="true" signature="tearDown()[pri:0, instance:tests.RegisterTest@38c6f217]" started-at="2026-07-20T12:38:21 IST" name="tearDown" finished-at="2026-07-20T12:38:21 IST" duration-ms="158" status="PASS">
          <reporter-output>
          </reporter-output>
        </test-method> <!-- tearDown -->
      </class> <!-- tests.RegisterTest -->
    </test> <!-- Test -->
  </suite> <!-- Suite -->
</testng-results>
