<?xml version="1.0" encoding="UTF-8"?>
<testng-results ignored="0" total="1" passed="1" failed="0" skipped="0">
  <reporter-output>
  </reporter-output>
  <suite started-at="2026-07-28T01:04:31 IST" name="Suite" finished-at="2026-07-28T01:04:41 IST" duration-ms="9951">
    <groups>
    </groups>
    <test started-at="2026-07-28T01:04:31 IST" name="Test" finished-at="2026-07-28T01:04:41 IST" duration-ms="9951">
      <class name="tests.RegisterTest">
        <test-method is-config="true" signature="launchBrowser()[pri:0, instance:tests.RegisterTest@489115ef]" started-at="2026-07-28T01:04:31 IST" name="launchBrowser" finished-at="2026-07-28T01:04:38 IST" duration-ms="6477" status="PASS">
          <reporter-output>
          </reporter-output>
        </test-method> <!-- launchBrowser -->
        <test-method signature="testRegisterAccount()[pri:0, instance:tests.RegisterTest@489115ef]" started-at="2026-07-28T01:04:38 IST" name="testRegisterAccount" finished-at="2026-07-28T01:04:41 IST" duration-ms="2904" status="PASS">
          <reporter-output>
          </reporter-output>
        </test-method> <!-- testRegisterAccount -->
        <test-method is-config="true" signature="tearDown()[pri:0, instance:tests.RegisterTest@489115ef]" started-at="2026-07-28T01:04:41 IST" name="tearDown" finished-at="2026-07-28T01:04:41 IST" duration-ms="423" status="PASS">
          <reporter-output>
          </reporter-output>
        </test-method> <!-- tearDown -->
      </class> <!-- tests.RegisterTest -->
    </test> <!-- Test -->
  </suite> <!-- Suite -->
</testng-results>
